debug/manifest-merger-blame-debug-report.txt
1<?xml version="1.0" encoding="utf-8"?>
2<manifest xmlns:android="http://schemas.android.com/apk/res/android"
3    package="com.jo.prisonersrehabilitationapp"
4    android:versionCode="1"
5    android:versionName="1.0" >
6
7    <uses-sdk
8        android:minSdkVersion="21"
8-->src\main\AndroidManifest.xml
9        android:targetSdkVersion="34" />
9-->src\main\AndroidManifest.xml
10
11    <uses-permission android:name="android.permission.INTERNET" />
11-->src\main\AndroidManifest.xml:5:5-67
11-->src\main\AndroidManifest.xml:5:22-64
12    <uses-permission android:name="android.permission.WRITE_EXTERNAL_STORAGE" />
12-->src\main\AndroidManifest.xml:6:5-81
12-->src\main\AndroidManifest.xml:6:22-78
13    <uses-permission android:name="android.permission.READ_EXTERNAL_STORAGE" />
13-->src\main\AndroidManifest.xml:7:5-80
13-->src\main\AndroidManifest.xml:7:22-77
14    <uses-permission android:name="android.permission.SEND_SMS" />
14-->src\main\AndroidManifest.xml:8:5-67
14-->src\main\AndroidManifest.xml:8:22-64
15
16    <permission
16-->[androidx.core:core:1.9.0] AndroidManifest.xml:22:5-24:47
17        android:name="com.jo.prisonersrehabilitationapp.DYNAMIC_RECEIVER_NOT_EXPORTED_PERMISSION"
17-->[androidx.core:core:1.9.0] AndroidManifest.xml:23:9-81
18        android:protectionLevel="signature" />
18-->[androidx.core:core:1.9.0] AndroidManifest.xml:24:9-44
19
20    <uses-permission android:name="com.jo.prisonersrehabilitationapp.DYNAMIC_RECEIVER_NOT_EXPORTED_PERMISSION" />
20-->[androidx.core:core:1.9.0] AndroidManifest.xml:26:5-97
20-->[androidx.core:core:1.9.0] AndroidManifest.xml:26:22-94
21
22    <application
22-->src\main\AndroidManifest.xml:10:5-181:19
23        android:allowBackup="true"
23-->src\main\AndroidManifest.xml:11:9-35
24        android:appComponentFactory="androidx.core.app.CoreComponentFactory"
24-->[androidx.core:core:1.9.0] AndroidManifest.xml:28:18-86
25        android:dataExtractionRules="@xml/data_extraction_rules"
25-->src\main\AndroidManifest.xml:12:9-65
26        android:debuggable="true"
27        android:fullBackupContent="@xml/backup_rules"
27-->src\main\AndroidManifest.xml:13:9-54
28        android:icon="@mipmap/ic_launcher"
28-->src\main\AndroidManifest.xml:14:9-43
29        android:label="@string/app_name"
29-->src\main\AndroidManifest.xml:15:9-41
30        android:roundIcon="@mipmap/ic_launcher_round"
30-->src\main\AndroidManifest.xml:16:9-54
31        android:supportsRtl="true"
31-->src\main\AndroidManifest.xml:17:9-35
32        android:testOnly="true"
33        android:theme="@style/Theme.PrisonersRehabilitationApp"
33-->src\main\AndroidManifest.xml:18:9-64
34        android:usesCleartextTraffic="true" >
34-->src\main\AndroidManifest.xml:19:9-44
35        <activity
35-->src\main\AndroidManifest.xml:21:9-27:20
36            android:name="com.jo.prisonersrehabilitationapp.ViewMaterial"
36-->src\main\AndroidManifest.xml:22:13-41
37            android:exported="false" >
37-->src\main\AndroidManifest.xml:23:13-37
38            <meta-data
38-->src\main\AndroidManifest.xml:24:13-26:36
39                android:name="android.app.lib_name"
39-->src\main\AndroidManifest.xml:25:17-52
40                android:value="" />
40-->src\main\AndroidManifest.xml:26:17-33
41        </activity>
42        <activity
42-->src\main\AndroidManifest.xml:28:9-34:20
43            android:name="com.jo.prisonersrehabilitationapp.AddLearningMaterial"
43-->src\main\AndroidManifest.xml:29:13-48
44            android:exported="false" >
44-->src\main\AndroidManifest.xml:30:13-37
45            <meta-data
45-->src\main\AndroidManifest.xml:24:13-26:36
46                android:name="android.app.lib_name"
46-->src\main\AndroidManifest.xml:25:17-52
47                android:value="" />
47-->src\main\AndroidManifest.xml:26:17-33
48        </activity>
49        <activity
49-->src\main\AndroidManifest.xml:35:9-41:20
50            android:name="com.jo.prisonersrehabilitationapp.DoctorQuerySolution"
50-->src\main\AndroidManifest.xml:36:13-48
51            android:exported="false" >
51-->src\main\AndroidManifest.xml:37:13-37
52            <meta-data
52-->src\main\AndroidManifest.xml:24:13-26:36
53                android:name="android.app.lib_name"
53-->src\main\AndroidManifest.xml:25:17-52
54                android:value="" />
54-->src\main\AndroidManifest.xml:26:17-33
55        </activity>
56        <activity
56-->src\main\AndroidManifest.xml:42:9-48:20
57            android:name="com.jo.prisonersrehabilitationapp.ViewDoctorQuery"
57-->src\main\AndroidManifest.xml:43:13-44
58            android:exported="false" >
58-->src\main\AndroidManifest.xml:44:13-37
59            <meta-data
59-->src\main\AndroidManifest.xml:24:13-26:36
60                android:name="android.app.lib_name"
60-->src\main\AndroidManifest.xml:25:17-52
61                android:value="" />
61-->src\main\AndroidManifest.xml:26:17-33
62        </activity>
63        <activity
63-->src\main\AndroidManifest.xml:49:9-55:20
64            android:name="com.jo.prisonersrehabilitationapp.ViewSolutionDoctor"
64-->src\main\AndroidManifest.xml:50:13-47
65            android:exported="false" >
65-->src\main\AndroidManifest.xml:51:13-37
66            <meta-data
66-->src\main\AndroidManifest.xml:24:13-26:36
67                android:name="android.app.lib_name"
67-->src\main\AndroidManifest.xml:25:17-52
68                android:value="" />
68-->src\main\AndroidManifest.xml:26:17-33
69        </activity>
70        <activity
70-->src\main\AndroidManifest.xml:56:9-62:20
71            android:name="com.jo.prisonersrehabilitationapp.ViewSolution"
71-->src\main\AndroidManifest.xml:57:13-41
72            android:exported="false" >
72-->src\main\AndroidManifest.xml:58:13-37
73            <meta-data
73-->src\main\AndroidManifest.xml:24:13-26:36
74                android:name="android.app.lib_name"
74-->src\main\AndroidManifest.xml:25:17-52
75                android:value="" />
75-->src\main\AndroidManifest.xml:26:17-33
76        </activity>
77        <activity
77-->src\main\AndroidManifest.xml:63:9-69:20
78            android:name="com.jo.prisonersrehabilitationapp.QuerySolution"
78-->src\main\AndroidManifest.xml:64:13-42
79            android:exported="false" >
79-->src\main\AndroidManifest.xml:65:13-37
80            <meta-data
80-->src\main\AndroidManifest.xml:24:13-26:36
81                android:name="android.app.lib_name"
81-->src\main\AndroidManifest.xml:25:17-52
82                android:value="" />
82-->src\main\AndroidManifest.xml:26:17-33
83        </activity>
84        <activity
84-->src\main\AndroidManifest.xml:70:9-76:20
85            android:name="com.jo.prisonersrehabilitationapp.ViewLawyerQuery"
85-->src\main\AndroidManifest.xml:71:13-44
86            android:exported="false" >
86-->src\main\AndroidManifest.xml:72:13-37
87            <meta-data
87-->src\main\AndroidManifest.xml:24:13-26:36
88                android:name="android.app.lib_name"
88-->src\main\AndroidManifest.xml:25:17-52
89                android:value="" />
89-->src\main\AndroidManifest.xml:26:17-33
90        </activity>
91        <activity
91-->src\main\AndroidManifest.xml:77:9-83:20
92            android:name="com.jo.prisonersrehabilitationapp.LawyerConsult"
92-->src\main\AndroidManifest.xml:78:13-42
93            android:exported="false" >
93-->src\main\AndroidManifest.xml:79:13-37
94            <meta-data
94-->src\main\AndroidManifest.xml:24:13-26:36
95                android:name="android.app.lib_name"
95-->src\main\AndroidManifest.xml:25:17-52
96                android:value="" />
96-->src\main\AndroidManifest.xml:26:17-33
97        </activity>
98        <activity
98-->src\main\AndroidManifest.xml:84:9-90:20
99            android:name="com.jo.prisonersrehabilitationapp.DoctorConsult"
99-->src\main\AndroidManifest.xml:85:13-42
100            android:exported="false" >
100-->src\main\AndroidManifest.xml:86:13-37
101            <meta-data
101-->src\main\AndroidManifest.xml:24:13-26:36
102                android:name="android.app.lib_name"
102-->src\main\AndroidManifest.xml:25:17-52
103                android:value="" />
103-->src\main\AndroidManifest.xml:26:17-33
104        </activity>
105        <activity
105-->src\main\AndroidManifest.xml:91:9-97:20
106            android:name="com.jo.prisonersrehabilitationapp.PrisonerHome"
106-->src\main\AndroidManifest.xml:92:13-41
107            android:exported="false" >
107-->src\main\AndroidManifest.xml:93:13-37
108            <meta-data
108-->src\main\AndroidManifest.xml:24:13-26:36
109                android:name="android.app.lib_name"
109-->src\main\AndroidManifest.xml:25:17-52
110                android:value="" />
110-->src\main\AndroidManifest.xml:26:17-33
111        </activity>
112        <activity
112-->src\main\AndroidManifest.xml:98:9-104:20
113            android:name="com.jo.prisonersrehabilitationapp.AddLawyer"
113-->src\main\AndroidManifest.xml:99:13-38
114            android:exported="false" >
114-->src\main\AndroidManifest.xml:100:13-37
115            <meta-data
115-->src\main\AndroidManifest.xml:24:13-26:36
116                android:name="android.app.lib_name"
116-->src\main\AndroidManifest.xml:25:17-52
117                android:value="" />
117-->src\main\AndroidManifest.xml:26:17-33
118        </activity>
119        <activity
119-->src\main\AndroidManifest.xml:105:9-111:20
120            android:name="com.jo.prisonersrehabilitationapp.AddDoctor"
120-->src\main\AndroidManifest.xml:106:13-38
121            android:exported="false" >
121-->src\main\AndroidManifest.xml:107:13-37
122            <meta-data
122-->src\main\AndroidManifest.xml:24:13-26:36
123                android:name="android.app.lib_name"
123-->src\main\AndroidManifest.xml:25:17-52
124                android:value="" />
124-->src\main\AndroidManifest.xml:26:17-33
125        </activity>
126        <activity
126-->src\main\AndroidManifest.xml:112:9-118:20
127            android:name="com.jo.prisonersrehabilitationapp.AddPrisoner"
127-->src\main\AndroidManifest.xml:113:13-40
128            android:exported="false" >
128-->src\main\AndroidManifest.xml:114:13-37
129            <meta-data
129-->src\main\AndroidManifest.xml:24:13-26:36
130                android:name="android.app.lib_name"
130-->src\main\AndroidManifest.xml:25:17-52
131                android:value="" />
131-->src\main\AndroidManifest.xml:26:17-33
132        </activity>
133        <activity
133-->src\main\AndroidManifest.xml:119:9-125:20
134            android:name="com.jo.prisonersrehabilitationapp.AdminHome"
134-->src\main\AndroidManifest.xml:120:13-38
135            android:exported="false" >
135-->src\main\AndroidManifest.xml:121:13-37
136            <meta-data
136-->src\main\AndroidManifest.xml:24:13-26:36
137                android:name="android.app.lib_name"
137-->src\main\AndroidManifest.xml:25:17-52
138                android:value="" />
138-->src\main\AndroidManifest.xml:26:17-33
139        </activity>
140        <activity
140-->src\main\AndroidManifest.xml:126:9-132:20
141            android:name="com.jo.prisonersrehabilitationapp.DoctorLogin"
141-->src\main\AndroidManifest.xml:127:13-40
142            android:exported="false" >
142-->src\main\AndroidManifest.xml:128:13-37
143            <meta-data
143-->src\main\AndroidManifest.xml:24:13-26:36
144                android:name="android.app.lib_name"
144-->src\main\AndroidManifest.xml:25:17-52
145                android:value="" />
145-->src\main\AndroidManifest.xml:26:17-33
146        </activity>
147        <activity
147-->src\main\AndroidManifest.xml:133:9-139:20
148            android:name="com.jo.prisonersrehabilitationapp.LawyerLogin"
148-->src\main\AndroidManifest.xml:134:13-40
149            android:exported="false" >
149-->src\main\AndroidManifest.xml:135:13-37
150            <meta-data
150-->src\main\AndroidManifest.xml:24:13-26:36
151                android:name="android.app.lib_name"
151-->src\main\AndroidManifest.xml:25:17-52
152                android:value="" />
152-->src\main\AndroidManifest.xml:26:17-33
153        </activity>
154        <activity
154-->src\main\AndroidManifest.xml:140:9-146:20
155            android:name="com.jo.prisonersrehabilitationapp.AdminLogin"
155-->src\main\AndroidManifest.xml:141:13-39
156            android:exported="false" >
156-->src\main\AndroidManifest.xml:142:13-37
157            <meta-data
157-->src\main\AndroidManifest.xml:24:13-26:36
158                android:name="android.app.lib_name"
158-->src\main\AndroidManifest.xml:25:17-52
159                android:value="" />
159-->src\main\AndroidManifest.xml:26:17-33
160        </activity>
161        <activity
161-->src\main\AndroidManifest.xml:147:9-153:20
162            android:name="com.jo.prisonersrehabilitationapp.PrisonerLogin"
162-->src\main\AndroidManifest.xml:148:13-42
163            android:exported="false" >
163-->src\main\AndroidManifest.xml:149:13-37
164            <meta-data
164-->src\main\AndroidManifest.xml:24:13-26:36
165                android:name="android.app.lib_name"
165-->src\main\AndroidManifest.xml:25:17-52
166                android:value="" />
166-->src\main\AndroidManifest.xml:26:17-33
167        </activity>
168        <activity
168-->src\main\AndroidManifest.xml:154:9-160:20
169            android:name="com.jo.prisonersrehabilitationapp.HomePage"
169-->src\main\AndroidManifest.xml:155:13-37
170            android:exported="false" >
170-->src\main\AndroidManifest.xml:156:13-37
171            <meta-data
171-->src\main\AndroidManifest.xml:24:13-26:36
172                android:name="android.app.lib_name"
172-->src\main\AndroidManifest.xml:25:17-52
173                android:value="" />
173-->src\main\AndroidManifest.xml:26:17-33
174        </activity>
175        <activity
175-->src\main\AndroidManifest.xml:161:9-167:20
176            android:name="com.jo.prisonersrehabilitationapp.ServerConnect"
176-->src\main\AndroidManifest.xml:162:13-42
177            android:exported="false" >
177-->src\main\AndroidManifest.xml:163:13-37
178            <meta-data
178-->src\main\AndroidManifest.xml:24:13-26:36
179                android:name="android.app.lib_name"
179-->src\main\AndroidManifest.xml:25:17-52
180                android:value="" />
180-->src\main\AndroidManifest.xml:26:17-33
181        </activity>
182        <activity
182-->src\main\AndroidManifest.xml:168:9-180:20
183            android:name="com.jo.prisonersrehabilitationapp.MainActivity"
183-->src\main\AndroidManifest.xml:169:13-41
184            android:exported="true" >
184-->src\main\AndroidManifest.xml:170:13-36
185            <intent-filter>
185-->src\main\AndroidManifest.xml:171:13-175:29
186                <action android:name="android.intent.action.MAIN" />
186-->src\main\AndroidManifest.xml:172:17-69
186-->src\main\AndroidManifest.xml:172:25-66
187
188                <category android:name="android.intent.category.LAUNCHER" />
188-->src\main\AndroidManifest.xml:174:17-77
188-->src\main\AndroidManifest.xml:174:27-74
189            </intent-filter>
190
191            <meta-data
191-->src\main\AndroidManifest.xml:24:13-26:36
192                android:name="android.app.lib_name"
192-->src\main\AndroidManifest.xml:25:17-52
193                android:value="" />
193-->src\main\AndroidManifest.xml:26:17-33
194        </activity>
195
196        <provider
196-->[androidx.emoji2:emoji2:1.2.0] AndroidManifest.xml:24:9-32:20
197            android:name="androidx.startup.InitializationProvider"
197-->[androidx.emoji2:emoji2:1.2.0] AndroidManifest.xml:25:13-67
198            android:authorities="com.jo.prisonersrehabilitationapp.androidx-startup"
198-->[androidx.emoji2:emoji2:1.2.0] AndroidManifest.xml:26:13-68
199            android:exported="false" >
199-->[androidx.emoji2:emoji2:1.2.0] AndroidManifest.xml:27:13-37
200            <meta-data
200-->[androidx.emoji2:emoji2:1.2.0] AndroidManifest.xml:29:13-31:52
201                android:name="androidx.emoji2.text.EmojiCompatInitializer"
201-->[androidx.emoji2:emoji2:1.2.0] AndroidManifest.xml:30:17-75
202                android:value="androidx.startup" />
202-->[androidx.emoji2:emoji2:1.2.0] AndroidManifest.xml:31:17-49
203            <meta-data
203-->[androidx.lifecycle:lifecycle-process:2.6.1] AndroidManifest.xml:29:13-31:52
204                android:name="androidx.lifecycle.ProcessLifecycleInitializer"
204-->[androidx.lifecycle:lifecycle-process:2.6.1] AndroidManifest.xml:30:17-78
205                android:value="androidx.startup" />
205-->[androidx.lifecycle:lifecycle-process:2.6.1] AndroidManifest.xml:31:17-49
206            <meta-data
206-->[androidx.profileinstaller:profileinstaller:1.3.0] AndroidManifest.xml:29:13-31:52
207                android:name="androidx.profileinstaller.ProfileInstallerInitializer"
207-->[androidx.profileinstaller:profileinstaller:1.3.0] AndroidManifest.xml:30:17-85
208                android:value="androidx.startup" />
208-->[androidx.profileinstaller:profileinstaller:1.3.0] AndroidManifest.xml:31:17-49
209        </provider>
210
211        <receiver
211-->[androidx.profileinstaller:profileinstaller:1.3.0] AndroidManifest.xml:34:9-52:20
212            android:name="androidx.profileinstaller.ProfileInstallReceiver"
212-->[androidx.profileinstaller:profileinstaller:1.3.0] AndroidManifest.xml:35:13-76
213            android:directBootAware="false"
213-->[androidx.profileinstaller:profileinstaller:1.3.0] AndroidManifest.xml:36:13-44
214            android:enabled="true"
214-->[androidx.profileinstaller:profileinstaller:1.3.0] AndroidManifest.xml:37:13-35
215            android:exported="true"
215-->[androidx.profileinstaller:profileinstaller:1.3.0] AndroidManifest.xml:38:13-36
216            android:permission="android.permission.DUMP" >
216-->[androidx.profileinstaller:profileinstaller:1.3.0] AndroidManifest.xml:39:13-57
217            <intent-filter>
217-->[androidx.profileinstaller:profileinstaller:1.3.0] AndroidManifest.xml:40:13-42:29
218                <action android:name="androidx.profileinstaller.action.INSTALL_PROFILE" />
218-->[androidx.profileinstaller:profileinstaller:1.3.0] AndroidManifest.xml:41:17-91
218-->[androidx.profileinstaller:profileinstaller:1.3.0] AndroidManifest.xml:41:25-88
219            </intent-filter>
220            <intent-filter>
220-->[androidx.profileinstaller:profileinstaller:1.3.0] AndroidManifest.xml:43:13-45:29
221                <action android:name="androidx.profileinstaller.action.SKIP_FILE" />
221-->[androidx.profileinstaller:profileinstaller:1.3.0] AndroidManifest.xml:44:17-85
221-->[androidx.profileinstaller:profileinstaller:1.3.0] AndroidManifest.xml:44:25-82
222            </intent-filter>
223            <intent-filter>
223-->[androidx.profileinstaller:profileinstaller:1.3.0] AndroidManifest.xml:46:13-48:29
224                <action android:name="androidx.profileinstaller.action.SAVE_PROFILE" />
224-->[androidx.profileinstaller:profileinstaller:1.3.0] AndroidManifest.xml:47:17-88
224-->[androidx.profileinstaller:profileinstaller:1.3.0] AndroidManifest.xml:47:25-85
225            </intent-filter>
226            <intent-filter>
226-->[androidx.profileinstaller:profileinstaller:1.3.0] AndroidManifest.xml:49:13-51:29
227                <action android:name="androidx.profileinstaller.action.BENCHMARK_OPERATION" />
227-->[androidx.profileinstaller:profileinstaller:1.3.0] AndroidManifest.xml:50:17-95
227-->[androidx.profileinstaller:profileinstaller:1.3.0] AndroidManifest.xml:50:25-92
228            </intent-filter>
229        </receiver>
230    </application>
231
232</manifest>